
  .   ____          _            __ _ _
 /\\ / ___'_ __ _ _(_)_ __  __ _ \ \ \ \
( ( )\___ | '_ | '_| | '_ \/ _` | \ \ \ \
 \\/  ___)| |_)| | | | | || (_| |  ) ) ) )
  '  |____| .__|_| |_|_| |_\__, | / / / /
 =========|_|==============|___/=/_/_/_/
 :: Spring Boot ::                (v3.2.3)

2026-03-26T10:42:49.451-04:00  INFO 52488 --- [uimr-backend] [           main] com.uimr.UimrApplication                 : Starting UimrApplication using Java 21.0.10 with PID 52488 (/home/neo/Proje/backend/target/classes started by neo in /home/neo/Proje/backend)
2026-03-26T10:42:49.452-04:00 DEBUG 52488 --- [uimr-backend] [           main] com.uimr.UimrApplication                 : Running with Spring Boot v3.2.3, Spring v6.1.4
2026-03-26T10:42:49.452-04:00  INFO 52488 --- [uimr-backend] [           main] com.uimr.UimrApplication                 : The following 1 profile is active: "prod"
2026-03-26T10:42:49.839-04:00  INFO 52488 --- [uimr-backend] [           main] .s.d.r.c.RepositoryConfigurationDelegate : Bootstrapping Spring Data JPA repositories in DEFAULT mode.
2026-03-26T10:42:49.882-04:00  INFO 52488 --- [uimr-backend] [           main] .s.d.r.c.RepositoryConfigurationDelegate : Finished Spring Data repository scanning in 38 ms. Found 10 JPA repository interfaces.
2026-03-26T10:42:50.209-04:00  INFO 52488 --- [uimr-backend] [           main] o.s.b.w.embedded.tomcat.TomcatWebServer  : Tomcat initialized with port 8080 (http)
2026-03-26T10:42:50.218-04:00  INFO 52488 --- [uimr-backend] [           main] o.apache.catalina.core.StandardService   : Starting service [Tomcat]
2026-03-26T10:42:50.219-04:00  INFO 52488 --- [uimr-backend] [           main] o.apache.catalina.core.StandardEngine    : Starting Servlet engine: [Apache Tomcat/10.1.19]
2026-03-26T10:42:50.243-04:00  INFO 52488 --- [uimr-backend] [           main] o.a.c.c.C.[Tomcat].[localhost].[/]       : Initializing Spring embedded WebApplicationContext
2026-03-26T10:42:50.243-04:00  INFO 52488 --- [uimr-backend] [           main] w.s.c.ServletWebServerApplicationContext : Root WebApplicationContext: initialization completed in 768 ms
2026-03-26T10:42:50.265-04:00  INFO 52488 --- [uimr-backend] [           main] com.zaxxer.hikari.HikariDataSource       : HikariPool-1 - Starting...
2026-03-26T10:42:50.456-04:00  INFO 52488 --- [uimr-backend] [           main] com.zaxxer.hikari.pool.HikariPool        : HikariPool-1 - Added connection org.postgresql.jdbc.PgConnection@5287ba5f
2026-03-26T10:42:50.456-04:00  INFO 52488 --- [uimr-backend] [           main] com.zaxxer.hikari.HikariDataSource       : HikariPool-1 - Start completed.
2026-03-26T10:42:50.463-04:00  INFO 52488 --- [uimr-backend] [           main] o.s.b.a.h2.H2ConsoleAutoConfiguration    : H2 console available at '/h2-console'. Database available at 'jdbc:postgresql://localhost:5432/uimr_db'
2026-03-26T10:42:50.504-04:00 DEBUG 52488 --- [uimr-backend] [           main] com.uimr.security.JwtAuthFilter          : Filter 'jwtAuthFilter' configured for use
2026-03-26T10:42:50.561-04:00  INFO 52488 --- [uimr-backend] [           main] o.hibernate.jpa.internal.util.LogHelper  : HHH000204: Processing PersistenceUnitInfo [name: default]
2026-03-26T10:42:50.587-04:00  INFO 52488 --- [uimr-backend] [           main] org.hibernate.Version                    : HHH000412: Hibernate ORM core version 6.4.4.Final
2026-03-26T10:42:50.603-04:00  INFO 52488 --- [uimr-backend] [           main] o.h.c.internal.RegionFactoryInitiator    : HHH000026: Second-level cache disabled
2026-03-26T10:42:50.716-04:00  INFO 52488 --- [uimr-backend] [           main] o.s.o.j.p.SpringPersistenceUnitInfo      : No LoadTimeWeaver setup: ignoring JPA class transformer
2026-03-26T10:42:50.742-04:00  WARN 52488 --- [uimr-backend] [           main] org.hibernate.orm.deprecation            : HHH90000025: PostgreSQLDialect does not need to be specified explicitly using 'hibernate.dialect' (remove the property setting and it will be selected by default)
2026-03-26T10:42:51.419-04:00  INFO 52488 --- [uimr-backend] [           main] o.h.e.t.j.p.i.JtaPlatformInitiator       : HHH000489: No JTA platform available (set 'hibernate.transaction.jta.platform' to enable JTA platform integration)
2026-03-26T10:42:51.546-04:00  INFO 52488 --- [uimr-backend] [           main] j.LocalContainerEntityManagerFactoryBean : Initialized JPA EntityManagerFactory for persistence unit 'default'
2026-03-26T10:42:51.803-04:00  INFO 52488 --- [uimr-backend] [           main] o.s.d.j.r.query.QueryEnhancerFactory     : Hibernate is in classpath; If applicable, HQL parser will be used.
2026-03-26T10:42:52.462-04:00  WARN 52488 --- [uimr-backend] [           main] JpaBaseConfiguration$JpaWebConfiguration : spring.jpa.open-in-view is enabled by default. Therefore, database queries may be performed during view rendering. Explicitly configure spring.jpa.open-in-view to disable this warning
2026-03-26T10:42:52.654-04:00  INFO 52488 --- [uimr-backend] [           main] o.s.s.web.DefaultSecurityFilterChain     : Will secure any request with [org.springframework.security.web.session.DisableEncodeUrlFilter@61140895, org.springframework.security.web.context.request.async.WebAsyncManagerIntegrationFilter@2d6b53a3, org.springframework.security.web.context.SecurityContextHolderFilter@d388775, org.springframework.security.web.header.HeaderWriterFilter@350a7383, org.springframework.web.filter.CorsFilter@40bfd515, org.springframework.security.web.authentication.logout.LogoutFilter@3030a20, com.uimr.security.JwtAuthFilter@367d34c0, org.springframework.security.web.savedrequest.RequestCacheAwareFilter@4dc1f629, org.springframework.security.web.servletapi.SecurityContextHolderAwareRequestFilter@4795def, org.springframework.security.web.authentication.AnonymousAuthenticationFilter@204e6dda, org.springframework.security.web.session.SessionManagementFilter@c7ba58d, org.springframework.security.web.access.ExceptionTranslationFilter@2e40d8f9, org.springframework.security.web.access.intercept.AuthorizationFilter@4b10e470]
2026-03-26T10:42:52.826-04:00  INFO 52488 --- [uimr-backend] [           main] o.s.b.w.embedded.tomcat.TomcatWebServer  : Tomcat started on port 8080 (http) with context path ''
2026-03-26T10:42:52.827-04:00  INFO 52488 --- [uimr-backend] [           main] o.s.m.s.b.SimpleBrokerMessageHandler     : Starting...
2026-03-26T10:42:52.827-04:00  INFO 52488 --- [uimr-backend] [           main] o.s.m.s.b.SimpleBrokerMessageHandler     : BrokerAvailabilityEvent[available=true, SimpleBrokerMessageHandler [org.springframework.messaging.simp.broker.DefaultSubscriptionRegistry@1fbe8592]]
2026-03-26T10:42:52.827-04:00  INFO 52488 --- [uimr-backend] [           main] o.s.m.s.b.SimpleBrokerMessageHandler     : Started.
2026-03-26T10:42:52.833-04:00  INFO 52488 --- [uimr-backend] [           main] com.uimr.UimrApplication                 : Started UimrApplication in 3.623 seconds (process running for 3.805)
2026-03-26T10:42:53.373-04:00  INFO 52488 --- [uimr-backend] [nio-8080-exec-1] o.a.c.c.C.[Tomcat].[localhost].[/]       : Initializing Spring DispatcherServlet 'dispatcherServlet'
2026-03-26T10:42:53.373-04:00  INFO 52488 --- [uimr-backend] [nio-8080-exec-1] o.s.web.servlet.DispatcherServlet        : Initializing Servlet 'dispatcherServlet'
2026-03-26T10:42:53.374-04:00  INFO 52488 --- [uimr-backend] [nio-8080-exec-1] o.s.web.servlet.DispatcherServlet        : Completed initialization in 1 ms
2026-03-26T10:43:52.819-04:00  INFO 52488 --- [uimr-backend] [MessageBroker-1] o.s.w.s.c.WebSocketMessageBrokerStats    : WebSocketSession[0 current WS(0)-HttpStream(0)-HttpPoll(0), 0 total, 0 closed abnormally (0 connect failure, 0 send limit, 0 transport error)], stompSubProtocol[processed CONNECT(0)-CONNECTED(0)-DISCONNECT(0)], stompBrokerRelay[null], inboundChannel[pool size = 0, active threads = 0, queued tasks = 0, completed tasks = 0], outboundChannel[pool size = 0, active threads = 0, queued tasks = 0, completed tasks = 0], sockJsScheduler[pool size = 1, active threads = 1, queued tasks = 0, completed tasks = 0]
2026-03-26T11:13:52.820-04:00  INFO 52488 --- [uimr-backend] [MessageBroker-1] o.s.w.s.c.WebSocketMessageBrokerStats    : WebSocketSession[0 current WS(0)-HttpStream(0)-HttpPoll(0), 0 total, 0 closed abnormally (0 connect failure, 0 send limit, 0 transport error)], stompSubProtocol[processed CONNECT(0)-CONNECTED(0)-DISCONNECT(0)], stompBrokerRelay[null], inboundChannel[pool size = 0, active threads = 0, queued tasks = 0, completed tasks = 0], outboundChannel[pool size = 0, active threads = 0, queued tasks = 0, completed tasks = 0], sockJsScheduler[pool size = 2, active threads = 1, queued tasks = 0, completed tasks = 1]
[ERROR] Failed to execute goal org.springframework.boot:spring-boot-maven-plugin:3.2.3:run (default-cli) on project uimr-backend: Process terminated with exit code: 137 -> [Help 1]
[ERROR] 
[ERROR] To see the full stack trace of the errors, re-run Maven with the -e switch.
[ERROR] Re-run Maven using the -X switch to enable full debug logging.
[ERROR] 
[ERROR] For more information about the errors and possible solutions, please read the following articles:
[ERROR] [Help 1] http://cwiki.apache.org/confluence/display/MAVEN/MojoExecutionException
